app/build/intermediates/manifest_merge_blame_file/debug/manifest-merger-blame-debug-report.txt
1<?xml version="1.0" encoding="utf-8"?>
2<manifest xmlns:android="http://schemas.android.com/apk/res/android"
3    package="com.codefusiongroup.gradshub"
4    android:versionCode="1"
5    android:versionName="1.0" >
6
7    <uses-sdk
8        android:minSdkVersion="15"
8-->src/main/AndroidManifest.xml
9        android:targetSdkVersion="29" />
9-->src/main/AndroidManifest.xml
10
11    <uses-permission android:name="android.permission.INTERNET" />
11-->src/main/AndroidManifest.xml:5:5-67
11-->src/main/AndroidManifest.xml:5:22-64
12    <uses-permission android:name="android.permission.READ_EXTERNAL_STORAGE" />
12-->src/main/AndroidManifest.xml:6:5-80
12-->src/main/AndroidManifest.xml:6:22-77
13    <uses-permission android:name="android.permission.ACCESS_NETWORK_STATE" />
13-->src/main/AndroidManifest.xml:7:5-79
13-->src/main/AndroidManifest.xml:7:22-76
14    <uses-permission android:name="android.permission.REORDER_TASKS" />
14-->[androidx.fragment:fragment-testing:1.2.5] AndroidManifest.xml:25:5-72
14-->[androidx.fragment:fragment-testing:1.2.5] AndroidManifest.xml:25:22-69
15
16    <application
16-->src/main/AndroidManifest.xml:10:5-56:19
17        android:allowBackup="true"
17-->src/main/AndroidManifest.xml:11:9-35
18        android:appComponentFactory="androidx.core.app.CoreComponentFactory"
18-->[androidx.core:core:1.3.0] AndroidManifest.xml:24:18-86
19        android:debuggable="true"
20        android:icon="@mipmap/applogo"
20-->src/main/AndroidManifest.xml:12:9-39
21        android:label="@string/app_name"
21-->src/main/AndroidManifest.xml:13:9-41
22        android:roundIcon="@mipmap/applogo"
22-->src/main/AndroidManifest.xml:14:9-44
23        android:supportsRtl="true"
23-->src/main/AndroidManifest.xml:15:9-35
24        android:testOnly="true"
25        android:theme="@style/AppTheme" >
25-->src/main/AndroidManifest.xml:16:9-40
26        <activity
26-->src/main/AndroidManifest.xml:18:9-24:20
27            android:name="com.codefusiongroup.gradshub.authentication.AuthenticationActivity"
27-->src/main/AndroidManifest.xml:18:19-100
28            android:noHistory="true" >
28-->src/main/AndroidManifest.xml:18:101-125
29            <intent-filter>
29-->src/main/AndroidManifest.xml:19:13-23:29
30                <action android:name="android.intent.action.MAIN" />
30-->src/main/AndroidManifest.xml:20:17-69
30-->src/main/AndroidManifest.xml:20:25-66
31
32                <category android:name="android.intent.category.LAUNCHER" />
32-->src/main/AndroidManifest.xml:22:17-77
32-->src/main/AndroidManifest.xml:22:27-74
33            </intent-filter>
34        </activity>
35        <activity
35-->src/main/AndroidManifest.xml:26:9-30:20
36            android:name="com.codefusiongroup.gradshub.main.MainActivity"
36-->src/main/AndroidManifest.xml:26:19-80
37            android:label="@string/title_activity_main"
37-->src/main/AndroidManifest.xml:28:13-56
38            android:noHistory="false"
38-->src/main/AndroidManifest.xml:27:13-38
39            android:theme="@style/AppTheme.NoActionBar" >
39-->src/main/AndroidManifest.xml:29:13-56
40        </activity>
41        <activity android:name="com.codefusiongroup.gradshub.authentication.TestingActivity" />
41-->src/main/AndroidManifest.xml:31:9-105
41-->src/main/AndroidManifest.xml:31:19-93
42        <activity android:name="com.codefusiongroup.gradshub.main.availablegroups.AvailableTestingActivity" />
42-->src/main/AndroidManifest.xml:33:9-120
42-->src/main/AndroidManifest.xml:33:19-108
43        <activity android:name="com.codefusiongroup.gradshub.authentication.FragmentRegisterActivity" />
43-->src/main/AndroidManifest.xml:35:9-114
43-->src/main/AndroidManifest.xml:35:19-102
44        <activity android:name="com.codefusiongroup.gradshub.authentication.ResetActivity" />
44-->src/main/AndroidManifest.xml:37:9-103
44-->src/main/AndroidManifest.xml:37:19-91
45        <activity android:name="com.codefusiongroup.gradshub.main.profile.ProfileTestActivity" />
45-->src/main/AndroidManifest.xml:39:9-107
45-->src/main/AndroidManifest.xml:39:19-95
46        <activity android:name="com.codefusiongroup.gradshub.main.creategroup.CreateGroupActivity" />
46-->src/main/AndroidManifest.xml:41:9-111
46-->src/main/AndroidManifest.xml:41:19-99
47        <activity android:name="com.codefusiongroup.gradshub.main.createpost.CreatePostActivity" />
47-->src/main/AndroidManifest.xml:43:9-109
47-->src/main/AndroidManifest.xml:43:19-97
48        <activity android:name="com.codefusiongroup.gradshub.main.availablegroups.GroupListActivity" />
48-->src/main/AndroidManifest.xml:45:9-113
48-->src/main/AndroidManifest.xml:45:19-101
49        <activity android:name="com.codefusiongroup.gradshub.main.home.HomeTestActivity" />
49-->src/main/AndroidManifest.xml:47:9-101
49-->src/main/AndroidManifest.xml:47:19-89
50        <activity android:name="com.codefusiongroup.gradshub.main.postcomments.PostCommentActivity" />
50-->src/main/AndroidManifest.xml:49:9-112
50-->src/main/AndroidManifest.xml:49:19-100
51
52        <!-- <activity android:name=".main.mygroups.GroupListlistActivity" ></activity> -->
53
54        <activity android:name="com.codefusiongroup.gradshub.main.home.FeedListActivity" />
54-->src/main/AndroidManifest.xml:53:9-101
54-->src/main/AndroidManifest.xml:53:19-89
55        <activity
55-->[androidx.fragment:fragment-testing:1.2.5] AndroidManifest.xml:28:9-37:20
56            android:name="androidx.fragment.app.testing.FragmentScenario$EmptyFragmentActivity"
56-->[androidx.fragment:fragment-testing:1.2.5] AndroidManifest.xml:29:13-96
57            android:exported="true"
57-->[androidx.fragment:fragment-testing:1.2.5] AndroidManifest.xml:30:13-36
58            android:multiprocess="true"
58-->[androidx.fragment:fragment-testing:1.2.5] AndroidManifest.xml:31:13-40
59            android:taskAffinity=""
59-->[androidx.fragment:fragment-testing:1.2.5] AndroidManifest.xml:32:13-36
60            android:theme="@style/FragmentScenarioEmptyFragmentActivityTheme" >
60-->[androidx.fragment:fragment-testing:1.2.5] AndroidManifest.xml:33:13-78
61            <intent-filter>
61-->[androidx.fragment:fragment-testing:1.2.5] AndroidManifest.xml:34:13-36:29
62                <action android:name="android.intent.action.MAIN" />
62-->src/main/AndroidManifest.xml:20:17-69
62-->src/main/AndroidManifest.xml:20:25-66
63            </intent-filter>
64        </activity>
65        <activity android:name="androidx.fragment.app.FragmentActivity" />
65-->[com.21buttons:fragment-test-rule-extras:2.0.1] AndroidManifest.xml:12:9-75
65-->[com.21buttons:fragment-test-rule-extras:2.0.1] AndroidManifest.xml:12:19-72
66
67        <service
67-->[com.google.firebase:firebase-storage:19.1.1] AndroidManifest.xml:30:9-36:19
68            android:name="com.google.firebase.components.ComponentDiscoveryService"
68-->[com.google.firebase:firebase-storage:19.1.1] AndroidManifest.xml:31:13-84
69            android:directBootAware="true"
69-->[com.google.firebase:firebase-common:19.3.0] AndroidManifest.xml:34:13-43
70            android:exported="false" >
70-->[com.google.firebase:firebase-storage:19.1.1] AndroidManifest.xml:32:13-37
71            <meta-data
71-->[com.google.firebase:firebase-storage:19.1.1] AndroidManifest.xml:33:13-35:85
72                android:name="com.google.firebase.components:com.google.firebase.storage.StorageRegistrar"
72-->[com.google.firebase:firebase-storage:19.1.1] AndroidManifest.xml:34:17-107
73                android:value="com.google.firebase.components.ComponentRegistrar" />
73-->[com.google.firebase:firebase-storage:19.1.1] AndroidManifest.xml:35:17-82
74        </service>
75
76        <activity
76-->[androidx.test:core:1.2.0] AndroidManifest.xml:27:9-33:20
77            android:name="androidx.test.core.app.InstrumentationActivityInvoker$BootstrapActivity"
77-->[androidx.test:core:1.2.0] AndroidManifest.xml:28:13-99
78            android:theme="@android:style/Theme" >
78-->[androidx.test:core:1.2.0] AndroidManifest.xml:29:13-49
79            <intent-filter>
79-->[androidx.fragment:fragment-testing:1.2.5] AndroidManifest.xml:34:13-36:29
80                <action android:name="android.intent.action.MAIN" />
80-->src/main/AndroidManifest.xml:20:17-69
80-->src/main/AndroidManifest.xml:20:25-66
81            </intent-filter>
82        </activity>
83        <activity
83-->[androidx.test:core:1.2.0] AndroidManifest.xml:34:9-40:20
84            android:name="androidx.test.core.app.InstrumentationActivityInvoker$EmptyActivity"
84-->[androidx.test:core:1.2.0] AndroidManifest.xml:35:13-95
85            android:theme="@android:style/Theme" >
85-->[androidx.test:core:1.2.0] AndroidManifest.xml:36:13-49
86            <intent-filter>
86-->[androidx.fragment:fragment-testing:1.2.5] AndroidManifest.xml:34:13-36:29
87                <action android:name="android.intent.action.MAIN" />
87-->src/main/AndroidManifest.xml:20:17-69
87-->src/main/AndroidManifest.xml:20:25-66
88            </intent-filter>
89        </activity>
90        <activity
90-->[androidx.test:core:1.2.0] AndroidManifest.xml:41:9-47:20
91            android:name="androidx.test.core.app.InstrumentationActivityInvoker$EmptyFloatingActivity"
91-->[androidx.test:core:1.2.0] AndroidManifest.xml:42:13-103
92            android:theme="@android:style/Theme.Dialog" >
92-->[androidx.test:core:1.2.0] AndroidManifest.xml:43:13-56
93            <intent-filter>
93-->[androidx.fragment:fragment-testing:1.2.5] AndroidManifest.xml:34:13-36:29
94                <action android:name="android.intent.action.MAIN" />
94-->src/main/AndroidManifest.xml:20:17-69
94-->src/main/AndroidManifest.xml:20:25-66
95            </intent-filter>
96        </activity>
97        <activity
97-->[com.google.android.gms:play-services-base:17.0.0] AndroidManifest.xml:23:9-26:75
98            android:name="com.google.android.gms.common.api.GoogleApiActivity"
98-->[com.google.android.gms:play-services-base:17.0.0] AndroidManifest.xml:24:13-79
99            android:exported="false"
99-->[com.google.android.gms:play-services-base:17.0.0] AndroidManifest.xml:25:13-37
100            android:theme="@android:style/Theme.Translucent.NoTitleBar" />
100-->[com.google.android.gms:play-services-base:17.0.0] AndroidManifest.xml:26:13-72
101
102        <provider
102-->[com.google.firebase:firebase-common:19.3.0] AndroidManifest.xml:26:9-30:39
103            android:name="com.google.firebase.provider.FirebaseInitProvider"
103-->[com.google.firebase:firebase-common:19.3.0] AndroidManifest.xml:27:13-77
104            android:authorities="com.codefusiongroup.gradshub.firebaseinitprovider"
104-->[com.google.firebase:firebase-common:19.3.0] AndroidManifest.xml:28:13-72
105            android:exported="false"
105-->[com.google.firebase:firebase-common:19.3.0] AndroidManifest.xml:29:13-37
106            android:initOrder="100" />
106-->[com.google.firebase:firebase-common:19.3.0] AndroidManifest.xml:30:13-36
107
108        <meta-data
108-->[com.google.android.gms:play-services-basement:17.0.0] AndroidManifest.xml:23:9-25:69
109            android:name="com.google.android.gms.version"
109-->[com.google.android.gms:play-services-basement:17.0.0] AndroidManifest.xml:24:13-58
110            android:value="@integer/google_play_services_version" />
110-->[com.google.android.gms:play-services-basement:17.0.0] AndroidManifest.xml:25:13-66
111    </application>
112
113</manifest>